<?xml version="1.0" encoding="UTF-8"?>
<!-- Generated by org.testng.reporters.JUnitXMLReporter -->
<testsuite hostname="DESKTOP-G73P78Q" ignored="0" name="waterford" tests="1" failures="1" timestamp="12 Mar 2017 03:44:33 GMT" time="28.795" errors="0">
  <testcase name="test1" time="3.229" classname="com.selenium.tests.tests.TestDemo">
    <failure type="java.lang.AssertionError" message="Not Equal expected [true] but found [false]">
      <![CDATA[java.lang.AssertionError: Not Equal expected [true] but found [false]
	at com.selenium.tests.tests.TestDemo.test1(TestDemo.java:22)
	at com.intellij.rt.execution.application.AppMain.main(AppMain.java:147)
... Removed 31 stack frames]]>
    </failure>
  </testcase> <!-- test1 -->
</testsuite> <!-- waterford -->
